<?xml version="1.0" encoding="UTF-8"?>
<!-- Generated by org.testng.reporters.JUnitReportReporter -->
<testsuite hostname="Azu" failures="0" tests="1" name="maventen.Website_Test" time="4.833" errors="0" timestamp="07 Dec 2022 16:40:27 GMT" skipped="0">
  <testcase classname="maventen.Website_Test" name="Url" time="4.833"/>
</testsuite> <!-- maventen.Website_Test -->
